com.zaxxer.hikari:type=PoolConfig,db=ns-v7g2-02_jdyapp_shard3
kd.metrics:name=kd.metrics.orm.queryDataSet.09baa49086bc494a9e6b19955abedd81
com.zaxxer.hikari:type=PoolConfig,db=ns-v7g4-01_jdyapp_shard4
kd.metrics:name=kd.metrics.dubbo.consumer.timeouts
kd.metrics:name=kd.metrics.orm.queryDataSet.4108815128ea454bafaea112e79e2dfa
kd.bos.monitor.jvm:name=ClassGraphMXBean
kd.metrics:name=kd.metrics.orm.queryDataSet.QueryServiceHelper.bd_customergroup
java.lang:type=Threading
kd.metrics:name=kd.metrics.orm.queryDataSet.kd.bos.filter.CommonFilterColumn.bd_material
kafka.producer:type=producer-metrics,client-id=producer-1
kd.metrics:name=kd.metrics.orm.queryDataSet.QueryServiceHelper.bd_materialpicture
kd.metrics:name=kd.metrics.orm.queryDataSet.QueryServiceHelper.bank_transfer_bill
kd.metrics:name=kd.metrics.jvm.memory.heap.init
kd.metrics:name=kd.metrics.orm.queryDataSet.6d3bbdda87b44017b6cc59a97cf6b67f
kd.metrics:name=kd.metrics.orm.queryDataSet.kd.bos.service.operation.validate
jmx4perl:type=Config
kd.metrics:name=kd.metrics.jvm.memory.pools.Metaspace.init
kd.metrics:name=kd.metrics.orm.queryDataSet.com.jdy.scm.pur.report.PurStatisticReportQueryPlugin
kd.metrics:name=kd.metrics.algo.cache.saveMeter.redis
kd.metrics:name=kd.metrics.orm.queryDataSet.574a40793eac47999d4cd92d02b4a3dd
kd.metrics:name=kd.metrics.orm.queryDataSet.DeleteServiceHelper.ap_amountbalance
com.zaxxer.hikari:type=Pool,db=ns-v7g4-01_jdyapp_shard1
kd.metrics:name=kd.metrics.orm.queryDataSet.
kd.metrics:name=kd.metrics.orm.queryDataSet.bd5a3a21084d4dafa6a35660e5b6454d
kd.metrics:name=kd.metrics.jvm.memory.pools.Metaspace.max
kd.metrics:name=kd.metrics.orm.queryDataSet.com.jdy.scm.inv.formplugin.InvEarlyWarnQueryService
kd.metrics:name=kd.metrics.jvm.memory.total.usage
kafka.producer:type=app-info,id=producer-2
kd.metrics:name=kd.metrics.orm.queryDataSet.QueryServiceHelper.bd_materialaux
kd.metrics:name=kd.metrics.orm.queryDataSet.kd.bos.filter.CommonFilterColumn.bd_auxinfo
com.zaxxer.hikari:type=PoolConfig,db=ns-v7g8-01_jdyapp_shard1
com.zaxxer.hikari:type=PoolConfig,db=ns-v7g4-01_jdyapp_shard1
kd.metrics:name=kd.metrics.orm.queryDataSet.QueryServiceHelper.inv_calculatetask
kd.metrics:name=kd.metrics.jvm.memory.pools.G1-Survivor-Space.committed
com.zaxxer.hikari:type=PoolConfig,db=ns-v7g8-01_jdyapp_shard4
kd.metrics:name=kd.metrics.mq.consumer.activeConsumers
kd.metrics:name=kd.metrics.orm.queryDataSet.com.jdy.scm.sal.report.UnSalMaterialReportDataPlugin
kd.metrics:name=kd.metrics.orm.queryDataSet.QueryServiceHelper.ar_initbasebill
com.zaxxer.hikari:type=Pool,db=ns-v7g3-02_jdyapp_shard4
com.zaxxer.hikari:type=Pool,db=ns-v7g8-01_jdyapp_shard2
kd.metrics:name=kd.metrics.dubbo.thread.queuewait
kd.metrics:name=kd.metrics.jvm.memory.pools.Metaspace.usage
kd.metrics:name=kd.metrics.orm.queryDataSet.QueryServiceHelper.ap_initbasebill
com.zaxxer.hikari:type=PoolConfig,db=ns-v7g8-01_jdyapp
kd.metrics:name=kd.metrics.orm.queryDataSet.QueryServiceHelper.store_bill
kd.metrics:name=kd.metrics.orm.queryDataSet.com.jdy.scm.common.invsnapshot.InvSnapshotService
kd.metrics:name=kd.metrics.orm.queryDataSet.be607bc04fa34df6957723c26922880d
kd.metrics:name=kd.metrics.orm.queryDataSet.com.jdy.sal.webapi.analysis.AnalyseHomeStatApiPlugin
kd.metrics:name=kd.metrics.orm.queryDataSet.com.jdy.sal.webapi.analysis.MaterialInvListApiPlugin
kd.metrics:name=kd.metrics.algo.dataSetHeapSinkDataSizeCounter
kd.metrics:name=kd.metrics.jvm.memory.pools.Code-Cache.init
kd.metrics:name=kd.metrics.orm.queryDataSet.1e1a2e328ed840c4bb69326e05a26394
kd.metrics:name=kd.metrics.redis.pool.max.r-bp1sljipxi6dordu7n.redis.rds.aliyuncs.com-6379
kd.metrics:name=kd.metrics.orm.queryDataSet.QueryServiceHelper.inv_check_bill
kd.metrics:name=kd.metrics.orm.queryDataSet.QueryServiceHelper.inv_check_loss_bill
kd.metrics:name=kd.metrics.orm.queryDataSet.23f7226e5e5b4c6dbac123567a7f8229
com.zaxxer.hikari:type=PoolConfig,db=ns-v7g7-02_jdyapp
com.zaxxer.hikari:type=PoolConfig,db=ns-v7g3-01_jdyapp_shard3
kd.metrics:name=kd.metrics.algo.indexCounter
kd.metrics:name=kd.metrics.jvm.memory.heap.usage
kd.metrics:name=kd.metrics.jvm.memory.pools.G1-Survivor-Space.init
kd.metrics:name=kd.metrics.orm.queryDataSet.com.jdy.scm.inv.report.BatchStatusRpt
com.zaxxer.hikari:type=Pool,db=ns-v7g4-01_jdyapp_shard3
com.zaxxer.hikari:type=Pool,db=ns-v7g4-02_jdyapp
com.zaxxer.hikari:type=Pool,db=ns-v7g2-02_jdyapp_shard3
kd.metrics:name=kd.metrics.redis.pool.numIdle.r-bp13kyvmsqg9dzabz3.redis.rds.aliyuncs.com-6379
kd.metrics:name=kd.metrics.orm.queryDataSet.kd.bos.filter.CommonFilterColumn.bd_store
kd.metrics:name=kd.metrics.orm.queryDataSet.cb6c500353d144e3bf680420b8ac761d
kd.metrics:name=kd.metrics.orm.queryDataSet.f40444cf0e71411ba67914e62968188a
kd.metrics:name=kd.metrics.orm.query
kd.metrics:name=kd.metrics.orm.queryDataSet.QueryServiceHelper.perm_userfieldperm
kd.bos.db.datasource:name=DataSourceMXBean
kd.metrics:name=kd.metrics.orm.queryDataSet.QueryServiceHelper.ap_prepayretbill
kd.metrics:name=kd.metrics.orm.queryDataSet.ArApBillListProvider.setPreBillList
kd.metrics:name=kd.metrics.orm.queryDataSet.QueryServiceHelper.inv_outcostingschema
java.lang:type=Runtime
kafka.producer:type=producer-node-metrics,client-id=producer-1,node-id=node--3
kd.metrics:name=kd.metrics.orm.queryDataSet.QueryServiceHelper.bd_admindivision
kd.metrics:name=kd.metrics.orm.queryDataSet.46e16aac85b640c0a2fbd0e7aaa5785c
kd.metrics:name=kd.metrics.orm.queryDataSet.SetSourceBillNoAction
kd.metrics:name=kd.metrics.sql.execute
kafka.producer:type=app-info,id=producer-1
kd.metrics:name=kd.metrics.jvm.memory.heap.committed
kd.metrics:name=kd.metrics.orm.queryDataSet.3ab8a71a5df842d3bd2ec5e8c552f630
com.zaxxer.hikari:type=Pool,db=ns-v7g7-02_jdyapp_shard3
kd.metrics:name=kd.metrics.mq.consumer.handlerOnMessagerErrorCounter
kd.metrics:name=kd.metrics.orm.queryDataSet.DeleteServiceHelper.inv_bal_entity
kd.metrics:name=kd.metrics.orm.queryDataSet.QueryServiceHelper.bd_measureunits_new
com.zaxxer.hikari:type=PoolConfig,db=ns-v7g3-02_jdyapp_shard4
com.zaxxer.hikari:type=PoolConfig,db=ns-v7g3-02_jdyapp_shard1
kd.metrics:name=kd.metrics.orm.queryDataSet.kd.bos.filter.CommonFilterColumn.bd_customer
kd.metrics:name=kd.metrics.orm.queryDataSet.81eabdd88e3e48619e54971565d66247
kd.metrics:name=kd.metrics.mq.consumer.decodeMessageErrorCounter
kd.metrics:name=kd.metrics.orm.queryDataSet.QueryServiceHelper.company_connect_supplier
kd.metrics:name=kd.metrics.orm.queryDataSet.6d1662dcaba04bfd810277a10d18a395
com.zaxxer.hikari:type=Pool,db=ns-v7g4-02_jdyapp_shard3
kd.metrics:name=kd.metrics.sql.execute.slow30second
kd.metrics:name=kd.metrics.algo.dataSetHeapSinkCellsCounter
com.zaxxer.hikari:type=Pool,db=ns-v7g8-02_jdyapp
kd.metrics:name=kd.metrics.jvm.memory.non-heap.max
kd.metrics:name=kd.metrics.orm.queryDataSet.com.jdy.scm.sal.formplugin.SalReportStatisFormPlugin
kd.metrics:name=kd.metrics.jvm.memory.pools.G1-Survivor-Space.usage
kafka.producer:type=producer-topic-metrics,client-id=producer-1,topic=jdy-v7-ali
kd.metrics:name=kd.metrics.orm.queryDataSet.QueryServiceHelper.inv_calculatetaskentry
com.zaxxer.hikari:type=Pool,db=ns-v7g3-02_jdyapp_shard2
kd.metrics:name=kd.metrics.jvm.memory.pools.G1-Eden-Space.used-after-gc
kd.metrics:name=kd.metrics.orm.queryDataSet.5dfb1653d39d47e285e4c834e3d3667d
com.zaxxer.hikari:type=Pool,db=ns-v7g3-01_jdyapp_shard4
kd.metrics:name=kd.metrics.logback.warn
com.zaxxer.hikari:type=Pool,db=ns-v7g8-02_jdyapp_shard4
com.zaxxer.hikari:type=PoolConfig,db=ns-v7g2-03_jdyapp_shard4
kd.metrics:name=kd.metrics.jvm.memory.pools.G1-Eden-Space.committed
kd.metrics:name=kd.metrics.sql.execute.slow5second
java.lang:type=MemoryPool,name=G1 Old Gen
com.zaxxer.hikari:type=PoolConfig,db=ns-v7g2-03_jdyapp_shard1
java.lang:type=GarbageCollector,name=G1 Old Generation
com.zaxxer.hikari:type=PoolConfig,db=ns-v7g4-02_jdyapp_shard2
com.zaxxer.hikari:type=Pool,db=ns-v7g7-01_jdyapp_shard1
kd.metrics:name=kd.metrics.orm.queryDataSet.kd.bos.form.field.MulBasedataEdit
kd.metrics:name=kd.metrics.orm.queryDataSet.kd.bos.filter.CommonFilterColumn.bd_employee
kd.metrics:name=kd.metrics.orm.queryDataSet.com.jdy.scm.common.biz.DataPermissionHelper
kd.metrics:name=kd.metrics.jvm.memory.pools.Compressed-Class-Space.committed
kd.metrics:name=kd.metrics.orm.queryDataSet.QueryServiceHelper.bd_materialpriceinfo
kd.metrics:name=kd.metrics.algo.memPageCounter
com.zaxxer.hikari:type=Pool,db=ns-v7g2-02_jdyapp_shard1
com.zaxxer.hikari:type=Pool,db=ns-v7g2-03_jdyapp
kd.metrics:name=kd.metrics.orm.queryDataSet.DeleteServiceHelper.fee_record
kd.metrics:name=kd.metrics.jvm.gc.G1-Old-Generation.count
kd.metrics:name=kd.metrics.orm.queryDataSet.QueryServiceHelper.fee_record
kafka.producer:type=producer-node-metrics,client-id=producer-2,node-id=node--2
kd.metrics:name=kd.metrics.algo.dataSetMapDBSinkCellsCounter
kd.metrics:name=kd.metrics.orm.queryDataSet.kd.bos.service.botp.convert.actions.LoadSourceDataAction
kd.metrics:name=kd.metrics.orm.queryDataSet.ArApBillListProvider
kd.metrics:name=kd.metrics.orm.queryDataSet.79fd2d4dd7f248acb1ca7cb275c23a20
kd.metrics:name=kd.metrics.orm.queryDataSet.kd.bos.list.query.impl.IdQuery
kd.metrics:name=kd.metrics.dubbo.consumer.requestTimer
kd.metrics:name=kd.metrics.orm.queryDataSet.QueryServiceHelper.pur_bill_outbound
kd.metrics:name=kd.metrics.orm.queryDataSet.QueryServiceHelper.bd_material
kd.metrics:name=kd.metrics.orm.queryDataSet.QueryServiceHelper.inv_tfout_bill_outbound
com.zaxxer.hikari:type=PoolConfig,db=ns-v7g7-01_jdyapp_shard1
kd.metrics:name=kd.metrics.jvm.memory.pools.G1-Eden-Space.max
kd.metrics:name=kd.metrics.orm.queryDataSet.com.jdy.scm.sal.cardplugin.SaleReceiptCardPlugin
kd.metrics:name=kd.metrics.log.kafka.queueSize
com.zaxxer.hikari:type=PoolConfig,db=ns-v7g7-01_jdyapp_shard4
kd.metrics:name=kd.metrics.orm.queryDataSet.115f64a44fb048fe910cc30bc581570c
com.zaxxer.hikari:type=PoolConfig,db=ns-v7g3-02_jdyapp_shard3
kd.metrics:name=kd.metrics.orm.queryDataSet.kd.bos.list.query.Query
kd.metrics:name=kd.metrics.orm.queryDataSet.726a6659c96c4f2ebe24795e4be22e2a
kd.metrics:name=kd.metrics.orm.queryDataSet.QueryServiceHelper.inv_initial
kd.metrics:name=kd.metrics.orm.queryDataSet.QueryServiceHelper.bas_manageprinttpl
kd.metrics:name=kd.metrics.orm.queryDataSet.767d3dfcb8d649ed8410f9cf7488c38c
kd.metrics:name=kd.metrics.algo.memoryOutputCounter
kd.metrics:name=kd.metrics.orm.queryDataSet.delDirtyBaseData
kd.metrics:name=kd.metrics.jvm.memory.total.max
kd.metrics:name=kd.metrics.orm.queryDataSet.com.jdy.scm.inv.report.KfdateWarnRpt
kd.metrics:name=kd.metrics.orm.queryDataSet.BusinessDataServiceHelper.LoadFromCache
kd.metrics:name=kd.metrics.orm.queryDataSet.QueryServiceHelper.bd_materialgroup
java.lang:type=MemoryPool,name=Code Cache
kd.metrics:name=kd.metrics.orm.queryDataSet.QueryServiceHelper.bos_devportal_unitrelform
kd.metrics:name=kd.metrics.jvm.memory.non-heap.init
java.nio:type=BufferPool,name=direct
kd.metrics:name=kd.metrics.orm.queryDataSet.QueryServiceHelper.bos_org_structure
kd.metrics:name=kd.metrics.algo.blockCounter
kd.metrics:name=kd.metrics.jvm.thread.waiting.count
kd.metrics:name=kd.metrics.orm.queryDataSet.QueryServiceHelper.ls_st_balancesum
com.zaxxer.hikari:type=PoolConfig,db=ns-v7g3-01_jdyapp
kd.metrics:name=kd.metrics.jvm.memory.pools.Code-Cache.used
kafka.producer:type=producer-metrics,client-id=producer-2
kd.metrics:name=kd.metrics.jvm.memory.pools.G1-Old-Gen.used-after-gc
kd.metrics:name=kd.metrics.orm.queryDataSet.QueryServiceHelper.bd_currency
kd.metrics:name=kd.metrics.orm.queryDataSet.AddressEdit.setItemByIdFromClient
com.zaxxer.hikari:type=Pool,db=ns-v7g3-01_jdyapp
kd.metrics:name=kd.metrics.jvm.gc.G1-Young-Generation.count
kd.metrics:name=kd.metrics.orm.queryDataSet.QueryServiceHelper.bd_employee
kd.metrics:name=kd.metrics.orm.queryDataSet.QueryServiceHelper.bd_materialbarcode
kd.metrics:name=kd.metrics.redis.pool.numActive.r-bp1sljipxi6dordu7n.redis.rds.aliyuncs.com-6379
kd.metrics:name=kd.metrics.algo.dataSetMapDBSinkRowsCounter
kd.metrics:name=kd.metrics.orm.queryDataSet.kd.bos.form.field.BasedataEdit
kafka.producer:type=producer-node-metrics,client-id=producer-2,node-id=node--3
com.zaxxer.hikari:type=Pool,db=ns-v7g8-02_jdyapp_shard1
kd.metrics:name=kd.metrics.orm.queryDataSet.QueryServiceHelper.ap_otherpayretbill
kd.metrics:name=kd.metrics.jvm.memory.pools.G1-Old-Gen.max
kd.metrics:name=kd.metrics.orm.queryDataSet.c4b67473362143ddabeb4f60ce219c13
jolokia:type=Config
kd.metrics:name=kd.metrics.orm.queryDataSet.QueryServiceHelper.inv_calculatetasklog
java.lang:type=Compilation
kd.metrics:name=kd.metrics.orm.queryDataSet.com.jdy.scm.sal.report.PurOrderTrackRpt
kafka.producer:type=producer-node-metrics,client-id=producer-2,node-id=node-103
com.zaxxer.hikari:type=Pool,db=ns-v7g2-03_jdyapp_shard1
kd.metrics:name=kd.metrics.orm.queryDataSet.com.jdy.arap.webapi.helper.ArApBalanceBasePluginHelper
kafka.producer:type=producer-node-metrics,client-id=producer-2,node-id=node-102
kd.metrics:name=kd.metrics.orm.queryDataSet.QueryServiceHelper.ap_otherpaybill
com.zaxxer.hikari:type=PoolConfig,db=ns-v7g4-02_jdyapp_shard1
kd.metrics:name=kd.metrics.orm.queryDataSet.QueryServiceHelper.arap_verifybill
com.zaxxer.hikari:type=PoolConfig,db=ns-v7g2-02_jdyapp_shard2
com.zaxxer.hikari:type=PoolConfig,db=jdbc_ksql_org_postgresql_driver_dbtype_postgresql_jdbc_postgresql___v7_jitap_5432_jdyapp
kd.metrics:name=kd.metrics.orm.queryDataSet.QueryServiceHelper.bd_brand
com.zaxxer.hikari:type=PoolConfig,db=ns-v7g4-01_jdyapp_shard3
kd.metrics:name=kd.metrics.jvm.thread.deadlock.count
kd.metrics:name=kd.metrics.orm.queryDataSet.QueryServiceHelper.ar_precreditbill
com.zaxxer.hikari:type=Pool,db=ns-v7g1-01_jdyapp
com.zaxxer.hikari:type=PoolConfig,db=ns-v7g4-02_jdyapp_shard4
kd.metrics:name=kd.metrics.mq.consumer.Counter
kd.metrics:name=kd.metrics.orm.queryDataSet.CloseAccountsDAO.queryBillAndGroupBy
kd.metrics:name=kd.metrics.jvm.memory.pools.Compressed-Class-Space.used
com.zaxxer.hikari:type=PoolConfig,db=ns-v7g2-03_jdyapp_shard3
kd.metrics:name=kd.metrics.orm.queryDataSet.SetServiceFeeBillNoAction
com.zaxxer.hikari:type=PoolConfig,db=ns-v7g7-01_jdyapp
com.oracle.jdbc:type=diagnosability,name=sun.misc.Launcher$AppClassLoader@18b4aac2
java.lang:type=MemoryPool,name=Compressed Class Space
kd.metrics:name=kd.metrics.orm.queryDataSet.SetPreBillNoAction
com.alibaba.druid:type=MockDriver
com.zaxxer.hikari:type=Pool,db=ns-v7g4-02_jdyapp_shard1
kd.metrics:name=kd.metrics.jvm.memory.pools.G1-Eden-Space.used
kd.metrics:name=kd.metrics.orm.queryDataSet.5a525b0818bc48db89b050e470407570
kd.metrics:name=kd.metrics.orm.queryDataSet.AddressEdit.getLookUpList
kd.metrics:name=kd.metrics.orm.queryDataSet.com.jdy.scm.common.webapi.api.material.MaterialInventoryDetailApiPlugin
com.zaxxer.hikari:type=Pool,db=ns-v7g7-02_jdyapp_shard2
kd.metrics:name=kd.metrics.orm.queryDataSet.OutBillCostingDB.getAssembleBillCalSeq
kd.metrics:name=kd.metrics.jvm.memory.pools.G1-Old-Gen.init
kd.metrics:name=kd.metrics.orm.queryDataSet.b021a1211806497db3cfe0d76f615c19
kd.metrics:name=kd.metrics.orm.queryDataSet.4d2cbb7a161c49409dc660ceac7d74fb
org.apache.commons.pool2:type=GenericObjectPool,name=pool2
kd.metrics:name=kd.metrics.orm.queryDataSet.7d0a459a5bd1427b9e075b7545622ddc
kd.metrics:name=kd.metrics.jvm.memory.pools.G1-Survivor-Space.max
kd.metrics:name=kd.metrics.orm.queryDataSet.com.jdy.scm.common.report.util.ReportUtil
kd.metrics:name=kd.metrics.orm.queryDataSet.kd.bos.filter.CommonFilterColumn.bd_currency
kd.metrics:name=kd.metrics.dubbo.consumer.errors
kd.metrics:name=kd.metrics.orm.queryDataSet.OutBillTaskDB.getCalculateTaskEntryList
com.zaxxer.hikari:type=Pool,db=ns-v7g2-03_jdyapp_shard3
kd.metrics:name=kd.metrics.orm.queryDataSet.WriteBackEngine.dealEntryIdsAfterReadSourceBill
kd.metrics:name=kd.metrics.orm.queryDataSet.QueryServiceHelper.bos_attachment
com.alibaba.druid:type=DruidDriver
kd.metrics:name=kd.metrics.orm.queryDataSet.kd.bos.filter.CommonFilterColumn.bd_department
kd.metrics:name=kd.metrics.dubbo.consumer.errors.kd.bos.service.DispatchService.invoke
kd.metrics:name=kd.metrics.orm.queryDataSet.Next
kd.metrics:name=kd.metrics.orm.queryDataSet.9a5d6adbf8e24290919618d7b31f7fed
kd.metrics:name=kd.metrics.orm.queryDataSet.kd.bos.CachedQuery
com.zaxxer.hikari:type=PoolConfig,db=ns-v7g7-01_jdyapp_shard3
kd.metrics:name=kd.metrics.orm.queryDataSet.AlarmQueryService
kd.metrics:name=kd.metrics.orm.queryDataSet.QueryServiceHelper.pur_bill_order
kd.metrics:name=kd.metrics.algo.dataSetMempoolSinkCellsCounter
kd.metrics:name=kd.metrics.orm.queryDataSet.QueryServiceHelper.inv_costadjust_bill
kd.metrics:name=kd.metrics.jvm.memory.pools.G1-Old-Gen.committed
kd.metrics:name=kd.metrics.orm.queryDataSet.3d103686849f46c3a0c2e2086674d53a
kd.metrics:name=kd.metrics.sql.execute.slow10second
kd.metrics:name=kd.metrics.orm.queryDataSet.DeleteServiceHelper.bd_customerlabel
kd.metrics:name=kd.metrics.orm.queryDataSet.QueryServiceHelper.ap_prepaybill
kd.metrics:name=kd.metrics.algo.dataSetMapDBSinkDataSizeCounter
kd.metrics:name=kd.metrics.orm.queryDataSet.com.jdy.scm.common.webapi.biz.BillListHelper
kd.metrics:name=kd.metrics.orm.queryDataSet.OutBillTaskDB.deleteOldCalculateTask
kd.metrics:name=kd.metrics.orm.queryDataSet.ad4d97d50a2642fb9c834c05cf374a8f
kd.metrics:name=kd.metrics.algo.cache.saveTimer
kd.metrics:name=kd.metrics.jvm.memory.heap.max
kd.metrics:name=kd.metrics.orm.queryDataSet.QueryServiceHelper.inv_bal_entity
kd.metrics:name=kd.metrics.dubbo.maxThreads
kd.metrics:name=kd.metrics.jvm.memory.non-heap.committed
com.zaxxer.hikari:type=Pool,db=ns-v7g7-01_jdyapp
java.lang:type=OperatingSystem
kd.metrics:name=kd.metrics.orm.queryDataSet.QueryServiceHelper.perm_roledataperm
com.zaxxer.hikari:type=PoolConfig,db=ns-v7g7-02_jdyapp_shard1
kd.metrics:name=trace.sync.span.totalCount
kd.metrics:name=kd.metrics.orm.queryDataSet.dbcd8b990e3941cabf22287ebb7e589e
com.zaxxer.hikari:type=PoolConfig,db=ns-v7g7-02_jdyapp_shard4
java.lang:type=MemoryManager,name=Metaspace Manager
kd.metrics:name=kd.metrics.orm.queryDataSet.com.jdy.scm.sal.formplugin.SalCustomerAnalysisFormPlugin
kd.metrics:name=kd.metrics.orm.queryDataSet.bas_useruitheme
com.zaxxer.hikari:type=PoolConfig,db=ns-v7g2-03_jdyapp
kd.metrics:name=kd.metrics.orm.queryDataSet.0cf0598745ec4a75993b7d3cf457eaeb
Server:name=HttpAdaptor
kd.metrics:name=kd.metrics.orm.queryDataSet.kd.bos.filter.CommonFilterColumn.bd_supplier
kd.metrics:name=kd.metrics.orm.queryDataSet.QueryServiceHelper.inv_other_bill_inbound
kd.metrics:name=kd.metrics.orm.queryDataSet.QueryServiceHelper.bd_bank
kd.metrics:name=kd.metrics.algo.memTableCounter
kd.metrics:name=kd.metrics.algo.cache.saveMeter
kd.metrics:name=kd.metrics.dubbo.provider.errors
kd.metrics:name=kd.metrics.jvm.memory.non-heap.usage
kd.metrics:name=kd.metrics.orm.queryDataSet.kd.bos.filter.CommonFilterColumn.bd_materialgroup
com.zaxxer.hikari:type=Pool,db=ns-v7g7-02_jdyapp_shard1
kd.metrics:name=kd.metrics.jvm.thread.count
kd.metrics:name=kd.metrics.orm.queryDataSet.QueryServiceHelper.perm_userrole
kd.metrics:name=kd.metrics.mq.consumer.handlerMessagerRepeateCounter
com.zaxxer.hikari:type=Pool,db=ns-v7g2-03_jdyapp_shard2
jolokia:type=ServerHandler
kd.metrics:name=kd.metrics.orm.queryDataSet.kd.bos.list.query.impl.IdQueryShowOne
com.zaxxer.hikari:type=PoolConfig,db=ns-v7g1-01_jdyapp
kd.metrics:name=kd.metrics.jvm.thread.blocked.count
kd.metrics:name=kd.metrics.orm.queryDataSet.QueryServiceHelper.sal_exchange_request
kd.metrics:name=kd.metrics.jvm.memory.pools.G1-Old-Gen.usage
kd.metrics:name=kd.metrics.orm.queryDataSet.QueryServiceHelper.inv_disassemble_bill
com.zaxxer.hikari:type=Pool,db=ns-v7g5-01_jdyapp
com.zaxxer.hikari:type=PoolConfig,db=ns-v7g4-02_jdyapp_shard3
kd.metrics:name=kd.metrics.dubbo.provider.requestTimer
com.zaxxer.hikari:type=PoolConfig,db=ns-v7g2-03_jdyapp_shard2
kd.metrics:name=kd.metrics.orm.queryDataSet.2ec60e2a80ff429195404aec661dab13
com.zaxxer.hikari:type=Pool,db=ns-v7g4-01_jdyapp_shard2
kd.metrics:name=kd.metrics.orm.queryDataSet.QueryServiceHelper.ar_othercreditbill
kd.metrics:name=kd.metrics.orm.queryDataSet.7b67fe16a67d446c90de33f83d2493e9
kd.metrics:name=kd.metrics.algo.dataSetMempoolSinkRowsCounter
kd.metrics:name=kd.metrics.orm.queryDataSet.QueryServiceHelper.bd_supplier_price
kd.metrics:name=kd.metrics.jvm.thread.runnable.count
kd.metrics:name=kd.metrics.orm.queryDataSet.f6c0bd567e604513b4ea08e4be6c0257
kd.metrics:name=kd.metrics.orm.queryDataSet.d92fdb3ebd854405bd25834da0d69628
java.lang:type=MemoryManager,name=CodeCacheManager
kd.metrics:name=kd.metrics.jvm.thread.timed_waiting.count
kd.metrics:name=kd.metrics.orm.queryDataSet.QueryServiceHelper.inv_serialflow_entity
com.zaxxer.hikari:type=Pool,db=ns-v7g4-01_jdyapp
kd.metrics:name=kd.metrics.orm.queryDataSet.43a369b5b00f46618a94acbf28282f91
kd.metrics:name=kd.metrics.orm.queryDataSet.e7b8a7cb325f4e6f8336f69193b7b5c0
kd.metrics:name=kd.metrics.orm.queryDataSet.QueryServiceHelper.bas_systemprofile
kd.metrics:name=kd.metrics.jvm.memory.pools.Compressed-Class-Space.max
kd.metrics:name=kd.metrics.orm.queryDataSet.QueryServiceHelper.inv_check_gain_bill
kd.metrics:name=kd.metrics.jvm.memory.pools.G1-Eden-Space.init
kd.metrics:name=kd.metrics.orm.queryDataSet.QueryServiceHelper.inv_occupy
kd.metrics:name=kd.metrics.orm.queryDataSet.3320675fb84f4bfab0cdeba737022927
com.zaxxer.hikari:type=Pool,db=ns-v7g8-01_jdyapp_shard3
kd.metrics:name=kd.metrics.orm.queryDataSet.com.jdy.scm.common.webapi.api.inventory.StoreInventoryListApiPlugin
kd.metrics:name=kd.metrics.orm.queryDataSet.e60430c8cceb42c79ece4344126d5993
kafka.producer:type=producer-node-metrics,client-id=producer-2,node-id=node--1
kd.metrics:name=trace.sync.span.consumeCount
com.zaxxer.hikari:type=PoolConfig,db=ns-v7g5-01_jdyapp
kafka.producer:type=producer-node-metrics,client-id=producer-2,node-id=node-101
kd.metrics:name=kd.metrics.orm.queryDataSet.OutBillCostingDB.getAllMaterialsCalSeq
kd.metrics:name=kd.metrics.jvm.memory.total.init
kd.metrics:name=kd.metrics.orm.queryDataSet.84917626b4b64d1a99c5f9f404a44154
java.nio:type=BufferPool,name=mapped
kd.metrics:name=kd.metrics.orm.queryDataSet.QueryServiceHelper.ar_amountbalance
kd.metrics:name=kd.metrics.orm.queryDataSet.fd53e35c98534183a9547cda74a0a2f0
kd.metrics:name=kd.metrics.orm.queryDataSet.QueryServiceHelper.bos_printcontrol
kd.metrics:name=kd.metrics.orm.queryDataSet.QueryServiceHelper.bd_auxtype
kd.metrics:name=kd.metrics.orm.queryDataSet.com.jdy.sal.webapi.analysis.MaterialAnalyseTrendApiPlugin
com.sun.management:type=DiagnosticCommand
kd.metrics:name=kd.metrics.orm.queryDataSet.com.jdy.sal.webapi.analysis.MaterialAnalyseStatApiPlugin
kd.metrics:name=kd.metrics.orm.queryDataSet.QueryServiceHelper.inv_multi_check_bill
kafka.producer:type=producer-node-metrics,client-id=producer-1,node-id=node--2
kd.metrics:name=kd.metrics.orm.queryDataSet.c95a548dbfe546c2a6cdb385ba1f0c86
kd.metrics:name=kd.metrics.orm.queryDataSet.QueryServiceHelper.sal_bill_order
kd.metrics:name=kd.metrics.jvm.memory.pools.Compressed-Class-Space.init
kd.metrics:name=kd.metrics.orm.queryDataSet.QueryServiceHelper.sal_todo
kd.metrics:name=kd.metrics.orm.queryDataSet.QueryServiceHelper.gl_voucher
com.zaxxer.hikari:type=Pool,db=ns-v7g8-01_jdyapp
kd.metrics:name=kd.metrics.orm.queryDataSet.SignService.sign_scheme
kd.metrics:name=kd.metrics.orm.queryDataSet.com.jdy.scm.inv.report.InventoryRptService
kd.metrics:name=kd.metrics.orm.queryDataSet.kd.bos.form.field.UnitEdit
com.zaxxer.hikari:type=PoolConfig,db=ns-v7g7-01_jdyapp_shard2
kd.metrics:name=kd.metrics.orm.queryDataSet.com.jdy.scm.sal.report.SaleProfitReportDataPlugin
com.zaxxer.hikari:type=Pool,db=ns-v7g2-02_jdyapp
kd.metrics:name=kd.metrics.logback.all
kd.metrics:name=kd.metrics.orm.queryDataSet.ef025455ad6942e7b70f45ce4d55e500
kd.metrics:name=kd.metrics.zookeeper.connections
kd.metrics:name=trace.sync.span.discardCount
com.zaxxer.hikari:type=Pool,db=jdbc_ksql_org_postgresql_driver_dbtype_postgresql_jdbc_postgresql___v7_jitap_5432_jdyapp
com.zaxxer.hikari:type=Pool,db=ns-v7g3-02_jdyapp_shard3
kd.metrics:name=kd.metrics.orm.queryDataSet.DeleteServiceHelper.inv_inventory_entity
kd.metrics:name=kd.metrics.orm.queryDataSet.QueryServiceHelper.bd_supplier
kd.metrics:name=kd.metrics.jvm.thread.new.count
kd.metrics:name=kd.metrics.exception.report.queueSize
kd.metrics:name=kd.metrics.orm.queryDataSet.2140c3a7e6d043bdb6f94cd68ff912e2
kd.metrics:name=kd.metrics.orm.queryDataSet.a8421a1fb94543c4b1702a2d7437fefc
kd.metrics:name=kd.metrics.orm.queryDataSet.QueryServiceHelper.bos_user
kd.metrics:name=kd.metrics.orm.queryDataSet.QueryServiceHelper.pur_bill_request
com.zaxxer.hikari:type=PoolConfig,db=ns-v7g1-01_v7pg_meta_only
kd.metrics:name=kd.metrics.orm.queryDataSet.com.jdy.sal.webapi.analysis.CustomerLostListApiPlugin
kd.metrics:name=kd.metrics.jvm.memory.pools.Code-Cache.usage
kd.metrics:name=kd.metrics.orm.queryDataSet.com.jdy.scm.common.inventory.dao.InventoryDao
kd.metrics:name=kd.metrics.orm.queryDataSet.QueryServiceHelper.inv_other_bill_outbound
com.zaxxer.hikari:type=Pool,db=ns-v7g1-01_v7pg_meta_only
kd.metrics:name=kd.metrics.orm.queryDataSet.QueryServiceHelper.ar_precreditretbill
kd.metrics:name=kd.metrics.orm.queryDataSet.CloseAccountsDAO.queryBegQty
kd.metrics:name=kd.metrics.algo.tableSinkCounter
com.zaxxer.hikari:type=Pool,db=ns-v7g7-01_jdyapp_shard2
kd.metrics:name=kd.metrics.orm.queryDataSet.BillExistsValidator
kd.metrics:name=kd.metrics.sql.execute.slow60second
kd.metrics:name=kd.metrics.orm.queryDataSet.a0c2ccb7d6cc4b7285202e19de025e83
kd.metrics:name=kd.metrics.orm.queryDataSet.QueryServiceHelper.bd_supplier_material
kd.metrics:name=kd.metrics.sql.execute.slow1second
kd.metrics:name=kd.metrics.orm.queryDataSet.4c5de693d78f40ee81cd68360f0f81cb
com.zaxxer.hikari:type=PoolConfig,db=ns-v7g2-02_jdyapp
kd.metrics:name=kd.metrics.orm.queryDataSet.0778b95843854d149b2fcc378e456ae4
kd.metrics:name=kd.metrics.jvm.memory.pools.Metaspace.committed
JMImplementation:type=MBeanServerDelegate
kd.metrics:name=kd.metrics.jvm.memory.heap.used
java.lang:type=GarbageCollector,name=G1 Young Generation
kd.metrics:name=kd.metrics.orm.queryDataSet.QueryServiceHelper.bd_customprice_material
kd.metrics:name=kd.metrics.orm.queryDataSet.com.jdy.sal.webapi.analysis.CustomerAnalyseTrendApiPlugin
kd.metrics:name=kd.metrics.redis.pool.maxTotal
java.lang:type=ClassLoading
kd.metrics:name=kd.metrics.jvm.memory.pools.G1-Survivor-Space.used
kd.metrics:name=kd.metrics.orm.queryDataSet.QueryServiceHelper.sal_bill_inbound
java.lang:type=MemoryPool,name=Metaspace
kd.metrics:name=kd.metrics.orm.queryDataSet.QueryServiceHelper.sal_lock_bill
kafka.producer:type=kafka-metrics-count,client-id=producer-2
kd.metrics:name=kd.metrics.jvm.memory.total.committed
kd.metrics:name=kd.metrics.mq.consumer.handlerMessagerTranscationRepeateCounter
kd.metrics:name=kd.metrics.orm.queryDataSet.1a775c35e14047298ced5844e68eabfb
com.zaxxer.hikari:type=PoolConfig,db=ns-v7g7-02_jdyapp_shard2
kd.metrics:name=kd.metrics.logback.info
kd.metrics:name=kd.metrics.redis.pool.max.r-bp13kyvmsqg9dzabz3.redis.rds.aliyuncs.com-6379
com.zaxxer.hikari:type=Pool,db=ns-v7g3-02_jdyapp_shard1
com.zaxxer.hikari:type=PoolConfig,db=ns-v7g3-01_jdyapp_shard2
kd.metrics:name=kd.metrics.orm.queryDataSet.com.jdy.scm.sal.biz.InvAnalyseForApi
kd.metrics:name=kd.metrics.orm.queryDataSet.QueryServiceHelper.inv_tfin_bill_inbound
kd.metrics:name=kd.metrics.orm.queryDataSet.6905f80ca0974133bebda2f10bccbe88
kd.metrics:name=kd.metrics.orm.queryDataSet.34b23531dcdf4d2ab1ac112a67c36f53
kafka.producer:type=producer-topic-metrics,client-id=producer-2,topic=jdy-tf-zipkin
kd.metrics:name=kd.metrics.algo.dataSetMempoolSinkDataSizeCounter
com.zaxxer.hikari:type=Pool,db=ns-v7g2-03_jdyapp_shard4
kd.metrics:name=kd.metrics.orm.queryDataSet.b23dee3241ee48c38d5adadc00d8bd51
kd.metrics:name=kd.metrics.jvm.gc.G1-Young-Generation.time
kd.metrics:name=kd.metrics.orm.queryDataSet.QueryServiceHelper.bd_suppliergroup
com.zaxxer.hikari:type=Pool,db=ns-v7g4-01_jdyapp_shard4
com.zaxxer.hikari:type=Pool,db=ns-v7g2-02_jdyapp_shard2
kd.metrics:name=kd.metrics.orm.queryDataSet.7dea76833a2641eea31e733e767f08a7
kd.metrics:name=kd.metrics.mq.consumer.handlerMessagerTranscationRollBackCounter
kd.metrics:name=kd.metrics.orm.queryDataSet.QueryServiceHelper.inv_assemble_bill
kd.metrics:name=kd.metrics.orm.queryDataSet.QueryServiceHelper.fee_allocate_bill
kd.metrics:name=kd.metrics.orm.queryDataSet.875b1024916646f4b4041f1b2de68df2
kd.metrics:name=kd.metrics.orm.queryDataSet.a7e0a586c844473096ca8d3e448342a1
com.zaxxer.hikari:type=PoolConfig,db=ns-v7g8-01_jdyapp_shard2
com.zaxxer.hikari:type=Pool,db=ns-v7g7-02_jdyapp
com.zaxxer.hikari:type=Pool,db=ns-v7g4-02_jdyapp_shard2
kd.metrics:name=kd.metrics.algo.cache.saveMeter.error.redis
com.zaxxer.hikari:type=PoolConfig,db=ns-v7g4-02_jdyapp
kd.metrics:name=kd.metrics.orm.queryDataSet.de6527b59e294ca79b2076d7117815a0
kd.metrics:name=kd.metrics.orm.queryDataSet.QueryServiceHelper.sal_rebill_entity
kd.metrics:name=kd.metrics.orm.queryDataSet.QueryServiceHelper.ar_creditbill
kd.metrics:name=kd.metrics.orm.queryDataSet.b8fef89445244b298b4adcb9b35186c5
kd.metrics:name=kd.metrics.orm.queryDataSet.1d11bfe7d29f4646bea34b2056d8cc42
kd.metrics:name=kd.metrics.orm.queryDataSet.PurchaseSituationBiz.getPurInBoundDataSet
kd.metrics:name=kd.metrics.jvm.memory.pools.Compressed-Class-Space.usage
kd.metrics:name=kd.metrics.jvm.memory.pools.G1-Old-Gen.used
kd.metrics:name=kd.metrics.orm.queryDataSet.DeleteServiceHelper.inv_calculatetaskentry
com.zaxxer.hikari:type=Pool,db=ns-v7g8-01_jdyapp_shard1
com.zaxxer.hikari:type=PoolConfig,db=ns-v7g3-02_jdyapp
kd.metrics:name=kd.metrics.orm.queryDataSet.kd.bos.form.field.ItemClassEdit
kd.metrics:name=kd.metrics.orm.queryDataSet.09eb9416403b40fc952e046ed2fd7de6
kd.metrics:name=kd.metrics.orm.queryDataSet.com.jdy.sal.webapi.analysis.CustomerAnalyseStatApiPlugin
kd.metrics:name=kd.metrics.orm.queryDataSet.com.jdy.scm.arap.report.service.SummaryQueryService
kd.metrics:name=kd.metrics.orm.queryDataSet.com.jdy.scm.common.webapi.api.material.MaterialListV2ApiPlugin
com.zaxxer.hikari:type=Pool,db=ns-v7g7-02_jdyapp_shard4
kd.metrics:name=kd.metrics.orm.queryDataSet.BusinessDataServiceHelper.load
kd.metrics:name=kd.metrics.orm.queryDataSet.com.jdy.scm.common.inventory.InventoryCostService
com.zaxxer.hikari:type=PoolConfig,db=ns-v7g3-01_jdyapp_shard4
kd.metrics:name=kd.metrics.orm.queryDataSet.QueryServiceHelper.ap_amountbalance
kd.metrics:name=kd.metrics.orm.queryDataSet.QueryServiceHelper.bd_periodinfo
kd.metrics:name=kd.metrics.orm.queryDataSet.c477ff3799774ed6a504526eb6e3315b
kd.metrics:name=kd.metrics.orm.queryDataSet.DeleteServiceHelper.ar_amountbalance
kd.metrics:name=kd.metrics.orm.queryDataSet.kd.bos.data.ParameterHelper
kd.metrics:name=kd.metrics.orm.queryDataSet.QueryServiceHelper.inv_serial_entity
kd.metrics:name=kd.metrics.orm.queryDataSet.id
java.lang:type=MemoryPool,name=G1 Survivor Space
kd.metrics:name=kd.metrics.dubbo.provider.requestTimer.kd.bos.service.DispatchService.invoke
kd.metrics:name=kd.metrics.orm.queryDataSet.acc143eb1230401aa40b9ac69bed597e
kd.metrics:name=kd.metrics.orm.queryDataSet.a36d8556dfda48f6976278dfc211b18e
kd.metrics:name=kd.metrics.redis.pool.numActive.r-bp13kyvmsqg9dzabz3.redis.rds.aliyuncs.com-6379
kd.metrics:name=kd.metrics.orm.queryDataSet.com.jdy.scm.common.serial.dao.SerialDao
kd.metrics:name=kd.metrics.orm.queryDataSet.QueryServiceHelper.bd_pricelevelsave
kd.metrics:name=kd.metrics.orm.queryDataSet.OutBillCostingDB.getSamePriceMoveBillSeq
kd.metrics:name=kd.metrics.orm.queryDataSet.d33d118750a94750aeeb0823783fdf10
kd.metrics:name=kd.metrics.orm.queryDataSet.sal_bill_order_card
kd.metrics:name=kd.metrics.orm.queryDataSet.QueryServiceHelper.inv_tfmove_bill_order
kd.metrics:name=kd.metrics.orm.queryDataSet.com.jdy.scm.sal.report.SalOrderTrackRpt
com.sun.management:type=HotSpotDiagnostic
kafka.producer:type=producer-node-metrics,client-id=producer-1,node-id=node-102
kd.metrics:name=kd.metrics.jvm.memory.pools.Code-Cache.committed
kd.metrics:name=kd.metrics.orm.queryDataSet.QueryServiceHelper.perm_dataperm
kd.metrics:name=kd.metrics.orm.queryDataSet.QueryServiceHelper.bd_store
kd.metrics:name=kd.metrics.algo.dataSetHeapSinkRowsCounter
kd.metrics:name=kd.metrics.redis.pool.numIdle.r-bp1sljipxi6dordu7n.redis.rds.aliyuncs.com-6379
kd.metrics:name=kd.metrics.dubbo.consumer.requestTimer.kd.bos.service.DispatchService.invoke
kd.metrics:name=kd.metrics.orm.queryDataSet.ac08a2af217d4f918273a6b3cb5edf1e
kd.metrics:name=kd.metrics.dubbo.consumer.activeRequests
kd.metrics:name=kd.metrics.orm.queryDataSet.com.jdy.scm.arap.balance.ArApAccountBalanceBiz
kd.metrics:name=kd.metrics.jvm.thread.daemon.count
com.zaxxer.hikari:type=PoolConfig,db=ns-v7g8-02_jdyapp_shard4
java.util.logging:type=Logging
com.zaxxer.hikari:type=Pool,db=ns-v7g3-01_jdyapp_shard3
com.zaxxer.hikari:type=PoolConfig,db=ns-v7g8-02_jdyapp_shard1
kd.metrics:name=kd.metrics.orm.queryDataSet.QueryServiceHelper.ar_othercreditretbill
kd.metrics:name=kd.metrics.orm.queryDataSet.Previous
kd.metrics:name=kd.metrics.orm.queryDataSet.96dc105c7a594fe1838b31b0de455bdb
kd.metrics:name=kd.metrics.orm.queryDataSet.DeleteServiceHelper.inv_calculatetasklog
kd.metrics:name=kd.metrics.orm.queryDataSet.com.jdy.scm.sal.biz.InventorySituationBiz
kd.metrics:name=kd.metrics.orm.queryDataSet.kd.bos.service.botp.convert.actions.RunRuleConditionAction
com.zaxxer.hikari:type=PoolConfig,db=ns-v7g8-02_jdyapp
kd.metrics:name=kd.metrics.algo.cache.saveTimer.redis
kd.metrics:name=kd.metrics.orm.queryDataSet.df34cb0316554cae9759abadd780e705
kafka.producer:type=producer-node-metrics,client-id=producer-1,node-id=node--1
kd.metrics:name=kd.metrics.orm.queryDataSet.com.jdy.scm.arap.report.service.ReportQueryService
org.apache.commons.pool2:type=GenericObjectPool,name=pool
com.zaxxer.hikari:type=PoolConfig,db=ns-v7g8-01_jdyapp_shard3
kd.metrics:name=kd.metrics.orm.queryDataSet.QueryServiceHelper.bd_materialmultiunit
kd.metrics:name=kd.metrics.orm.queryDataSet.QueryServiceHelper.inv_inventory_entity
kd.metrics:name=kd.metrics.orm.queryDataSet.com.jdy.scm.inv.report.SerialStatusRpt
kd.metrics:name=kd.metrics.datasource.MaxConnectionTotal
com.zaxxer.hikari:type=Pool,db=ns-v7g4-02_jdyapp_shard4
kafka.producer:type=producer-node-metrics,client-id=producer-1,node-id=node-103
java.lang:type=MemoryPool,name=G1 Eden Space
kd.metrics:name=kd.metrics.orm.queryDataSet.e9b91783fed942d48234db3b14c7435f
com.zaxxer.hikari:type=Pool,db=ns-v7g3-02_jdyapp
com.zaxxer.hikari:type=PoolConfig,db=ns-v7g7-02_jdyapp_shard3
kd.metrics:name=kd.metrics.orm.queryDataSet.QueryServiceHelper.sal_bill_outbound
kd.metrics:name=kd.metrics.jvm.thread.deadlocks
kd.metrics:name=kd.metrics.orm.queryDataSet.QueryServiceHelper.perm_userdataperm
com.zaxxer.hikari:type=PoolConfig,db=ns-v7g4-01_jdyapp
kd.metrics:name=kd.metrics.jvm.thread.terminated.count
kd.metrics:name=kd.metrics.orm.queryDataSet.DeleteServiceHelper.invoice_entity
kd.metrics:name=kd.metrics.orm.queryDataSet.e844ac95a2f7436a85e83563c0c70a2c
kd.metrics:name=kd.metrics.dubbo.provider.activeRequests
kd.metrics:name=kd.metrics.orm.queryDataSet.079a4c40ac3e44a5aefb58ccce113ca0
kd.metrics:name=kd.metrics.jvm.memory.pools.Metaspace.used
kd.metrics:name=kd.metrics.orm.queryDataSet.com.jdy.sal.webapi.SalCustomerBoardApiPlugin
kd.metrics:name=kd.metrics.datasource.ActiveConnectionCount
kd.metrics:name=kd.metrics.orm.queryDataSet.e82fc1093ce44fe8ab452cf41b73017e
kd.metrics:name=kd.metrics.orm.queryDataSet.c0207d0ec1b344c2a5f84e2c7940fb51
com.zaxxer.hikari:type=Pool,db=ns-v7g2-02_jdyapp_shard4
kd.metrics:name=kd.metrics.orm.queryDataSet.fe4af7a6b33a417aba1882794166d6ac
kd.metrics:name=kd.metrics.orm.queryDataSet.QueryServiceHelper.bd_auxinfo
com.zaxxer.hikari:type=Pool,db=ns-v7g7-01_jdyapp_shard3
kd.metrics:name=kd.metrics.jvm.memory.total.used
kd.metrics:name=kd.metrics.algo.mapDBMapCounter
kd.metrics:name=kd.metrics.orm.queryDataSet.QueryServiceHelper.bd_settlementtype
kd.metrics:name=kd.metrics.orm.queryDataSet.com.jdy.scm.common.webapi.biz.HomePageToDoListHelper
kd.metrics:name=kd.metrics.orm.queryDataSet.com.jdy.scm.arap.report.service.AccountDetailQueryService
kafka.producer:type=kafka-metrics-count,client-id=producer-1
com.zaxxer.hikari:type=Pool,db=ns-v7g7-01_jdyapp_shard4
kd.metrics:name=kd.metrics.jvm.memory.pools.G1-Survivor-Space.used-after-gc
kd.metrics:name=kd.metrics.orm.queryDataSet.d037b06b3ba24c5cbb2dcc857f46ed7c
kd.metrics:name=kd.metrics.orm.queryDataSet.0862813edbaa4eef8a192edca42be9d0
kd.metrics:name=kd.metrics.orm.queryDataSet.5d9f32c10a9742e3989920c6335d2c33
kd.metrics:name=kd.metrics.log.kafka.discardCount
com.zaxxer.hikari:type=Pool,db=ns-v7g3-01_jdyapp_shard2
kd.metrics:name=kd.metrics.algo.sinkSmartOccurCounter
kd.metrics:name=kd.metrics.orm.queryDataSet.kd.bos.service.botp.convert.actions.LoadDependEntityRowsAction
kd.metrics:name=kd.metrics.orm.queryDataSet.CustomFieldUtils.jdy_custom_field_met
kd.metrics:name=kd.metrics.orm.queryDataSet.setDynamicSaleData
kd.metrics:name=kd.metrics.jvm.memory.non-heap.used
kd.metrics:name=kd.metrics.orm.queryDataSet.QueryServiceHelper.ap_paybill
kd.metrics:name=kd.metrics.orm.queryDataSet.DeleteServiceHelper.inv_calculatetask
kd.metrics:name=kd.metrics.logback.error
kd.metrics:name=kd.metrics.orm.queryDataSet.QueryServiceHelper.inv_check_task
kd.metrics:name=kd.metrics.orm.queryDataSet.QueryServiceHelper.bos_billoperate
kd.metrics:name=kd.metrics.mq.consumer.noRequestContextCounter
kd.metrics:name=kd.metrics.orm.queryDataSet.QueryServiceHelper.bd_department
kd.metrics:name=kd.metrics.jvm.memory.pools.Code-Cache.max
kd.metrics:name=kd.metrics.orm.queryDataSet.ArApFrontCardService.getBillNum
kd.metrics:name=kd.metrics.orm.queryDataSet.ISaveTracker
kd.metrics:name=kd.metrics.orm.queryDataSet.2d9d2f9d2aac47a9959a6cadbf53c17b
kafka.producer:type=producer-node-metrics,client-id=producer-1,node-id=node-101
kd.metrics:name=kd.metrics.orm.queryDataSet.kd.bos.form.field.AssistantEdit
com.zaxxer.hikari:type=PoolConfig,db=ns-v7g4-01_jdyapp_shard2
kd.metrics:name=kd.metrics.orm.queryDataSet.1035fee48a854716a604d5914d600bf8
com.zaxxer.hikari:type=PoolConfig,db=ns-v7g3-02_jdyapp_shard2
kafka.producer:type=app-info,client-id=producer-1
kd.metrics:name=kd.metrics.orm.queryDataSet.c65b852e3704414f8f1fc4ecc1694d1b
kd.metrics:name=kd.metrics.algo.dataSetCounter
kd.metrics:name=kd.metrics.logback.trace
com.zaxxer.hikari:type=Pool,db=ns-v7g3-01_jdyapp_shard1
kafka.producer:type=app-info,client-id=producer-2
kd.metrics:name=kd.metrics.orm.queryDataSet.QueryServiceHelper.pur_bill_inbound
com.zaxxer.hikari:type=PoolConfig,db=ns-v7g2-02_jdyapp_shard1
kd.metrics:name=kd.metrics.algo.cache.saveMeter.error
kd.metrics:name=kd.metrics.jvm.gc.G1-Old-Generation.time
kd.metrics:name=kd.metrics.orm.queryDataSet.QueryServiceHelper.bd_storegroup
kd.metrics:name=kd.metrics.orm.queryDataSet.9b25bd37e2e04d7ebde0270183f749a3
com.zaxxer.hikari:type=PoolConfig,db=ns-v7g2-02_jdyapp_shard4
java.lang:type=Memory
kd.metrics:name=kd.metrics.jvm.memory.pools.G1-Eden-Space.usage
kd.metrics:name=kd.metrics.orm.queryDataSet.c09e7aaacf014e3087f2e928307908a0
kd.metrics:name=kd.metrics.orm.queryDataSet.QueryServiceHelper.bd_customermaterial
kd.metrics:name=kd.metrics.logback.debug
com.zaxxer.hikari:type=Pool,db=ns-v7g8-01_jdyapp_shard4
kd.metrics:name=kd.metrics.orm.queryDataSet.QueryServiceHelper.bd_customer
kd.metrics:name=kd.metrics.orm.queryDataSet.BaseDataServiceHelper
com.zaxxer.hikari:type=PoolConfig,db=ns-v7g3-01_jdyapp_shard1
kd.metrics:name=kd.metrics.orm.queryDataSet.33c8566db99344d1a027f95e901d1c75
kd.metrics:name=kd.metrics.exception.report.discardCount
