Using config file: /tmp/download/config.json
Semaphore v2.5.1
Port :3000
MySQL root@127.0.0.1:3306 semaphore
Tmp Path (projects home) /tmp/semaphore
Checking DB migrations
[97;43m 403 [0m 09:31:43      34.022µs |[97;44m  [0m GET     /api/ws
[97;43m 403 [0m 09:31:48      34.676µs |[97;44m  [0m GET     /api/ws
[97;43m 403 [0m 09:31:51      25.716µs |[97;44m  [0m GET     /api/user
[97;42m 204 [0m 09:31:57    137.5535ms |[97;46m  [0m POST    /api/auth/login
[97;42m 200 [0m 09:31:57    1.312531ms |[97;44m  [0m GET     /api/user
[97;42m 200 [0m 09:31:57    1.379105ms |[97;44m  [0m GET     /api/info
[97;42m 200 [0m 09:31:57    1.354782ms |[97;44m  [0m GET     /api/projects
[97;42m 200 [0m 09:31:57    1.561515ms |[97;44m  [0m GET     /api/events/last
[97;42m 200 [0m 09:32:01    1.337704ms |[97;44m  [0m GET     /api/events
[97;42m 200 [0m 09:32:01    1.542603ms |[97;44m  [0m GET     /api/projects
[97;42m 200 [0m 09:32:16    1.269558ms |[97;44m  [0m GET     /api/user
[97;42m 204 [0m 09:32:27    1.692432ms |[97;43m  [0m PUT     /api/users/1
[97;42m 200 [0m 09:32:43    1.481514ms |[97;44m  [0m GET     /api/projects
[97;42m 200 [0m 09:32:43     990.653µs |[97;44m  [0m GET     /api/events/last
[97;42m 200 [0m 09:32:44    1.370994ms |[97;44m  [0m GET     /api/users
[97;42m 200 [0m 09:32:53    1.487791ms |[97;44m  [0m GET     /api/projects
[97;42m 200 [0m 09:32:53    1.059463ms |[97;44m  [0m GET     /api/events/last
[97;42m 200 [0m 09:32:54    1.500481ms |[97;44m  [0m GET     /api/users
[97;42m 200 [0m 09:32:54    1.460933ms |[97;44m  [0m GET     /api/events/last
[97;42m 200 [0m 09:32:54    1.633571ms |[97;44m  [0m GET     /api/projects
[97;42m 200 [0m 09:39:15    1.820596ms |[97;44m  [0m GET     /api/projects
[97;42m 200 [0m 09:39:15    1.966593ms |[97;44m  [0m GET     /api/events
[97;42m 200 [0m 09:39:16     1.25581ms |[97;44m  [0m GET     /api/events
[97;42m 200 [0m 09:39:16    1.407606ms |[97;44m  [0m GET     /api/projects
[97;42m 200 [0m 09:39:17     1.56528ms |[97;44m  [0m GET     /api/users
[97;42m 200 [0m 09:39:18    1.510569ms |[97;44m  [0m GET     /api/projects
[97;42m 200 [0m 09:39:18    1.103834ms |[97;44m  [0m GET     /api/events/last
[97;42m 200 [0m 09:42:23    1.613157ms |[97;44m  [0m GET     /api/users
[97;42m 200 [0m 09:42:25    1.489959ms |[97;44m  [0m GET     /api/events/last
[97;42m 200 [0m 09:42:25    1.608452ms |[97;44m  [0m GET     /api/projects
[97;42m 200 [0m 09:42:27    1.457701ms |[97;44m  [0m GET     /api/projects
[97;42m 200 [0m 09:42:27     1.49264ms |[97;44m  [0m GET     /api/events
[97;42m 200 [0m 09:42:27    1.384057ms |[97;44m  [0m GET     /api/events
[97;42m 200 [0m 09:42:27    1.633479ms |[97;44m  [0m GET     /api/projects
[97;42m 201 [0m 09:42:33    2.098895ms |[97;46m  [0m POST    /api/projects
[97;42m 200 [0m 09:42:33    1.111927ms |[97;44m  [0m GET     /api/projects
[97;42m 200 [0m 09:42:33     1.11427ms |[97;44m  [0m GET     /api/events/last
[97;42m 200 [0m 09:42:35    1.462281ms |[97;44m  [0m GET     /api/project/1
[97;42m 200 [0m 09:42:35    1.596193ms |[97;44m  [0m GET     /api/project/1/events/last
[97;42m 200 [0m 09:42:35    1.676078ms |[97;44m  [0m GET     /api/project/1/tasks/last
[97;42m 200 [0m 09:42:38    1.475535ms |[97;44m  [0m GET     /api/project/1/inventory
[97;42m 200 [0m 09:42:38    1.993551ms |[97;44m  [0m GET     /api/project/1/keys
[97;42m 200 [0m 09:42:38    1.487924ms |[97;44m  [0m GET     /api/project/1/repositories
[97;42m 200 [0m 09:42:38    1.524369ms |[97;44m  [0m GET     /api/project/1/environment
[97;42m 200 [0m 09:42:38    2.208607ms |[97;44m  [0m GET     /api/project/1/templates
[97;42m 200 [0m 09:42:40    1.640217ms |[97;44m  [0m GET     /api/project/1/inventory
[97;42m 200 [0m 09:42:46    1.801962ms |[97;44m  [0m GET     /api/project/1/keys
[97;42m 200 [0m 09:42:46    1.916942ms |[97;44m  [0m GET     /api/project/1/inventory
[97;42m 200 [0m 09:42:46    1.186928ms |[97;44m  [0m GET     /api/project/1/environment
[97;42m 200 [0m 09:42:46    1.490364ms |[97;44m  [0m GET     /api/project/1/repositories
[97;42m 200 [0m 09:42:46    1.877988ms |[97;44m  [0m GET     /api/project/1/templates
[97;42m 200 [0m 09:42:49     1.74293ms |[97;44m  [0m GET     /api/project/1/inventory
[97;42m 200 [0m 09:42:50    1.767419ms |[97;44m  [0m GET     /api/project/1/environment
[97;42m 200 [0m 09:42:51    1.738742ms |[97;44m  [0m GET     /api/project/1/keys
[97;42m 200 [0m 09:42:51    1.550025ms |[97;44m  [0m GET     /api/project/1/keys
[97;42m 200 [0m 09:42:51    1.402569ms |[97;44m  [0m GET     /api/project/1/repositories
[97;42m 200 [0m 09:42:53    1.893263ms |[97;44m  [0m GET     /api/project/1/users
[97;42m 200 [0m 09:42:59    1.648004ms |[97;44m  [0m GET     /api/project/1/keys
[97;42m 200 [0m 09:42:59    1.650127ms |[97;44m  [0m GET     /api/project/1/inventory
[97;42m 200 [0m 09:42:59    1.669526ms |[97;44m  [0m GET     /api/project/1/repositories
[97;42m 200 [0m 09:42:59    1.512905ms |[97;44m  [0m GET     /api/project/1/environment
[97;42m 200 [0m 09:42:59    1.251683ms |[97;44m  [0m GET     /api/project/1/templates
[97;42m 200 [0m 09:43:51    2.005074ms |[97;44m  [0m GET     /api/project/1/inventory
[97;42m 200 [0m 09:43:52    1.793387ms |[97;44m  [0m GET     /api/project/1/keys
[97;42m 200 [0m 09:44:01    1.751638ms |[97;44m  [0m GET     /api/project/1/environment
[97;43m 400 [0m 09:44:13    1.581117ms |[97;46m  [0m POST    /api/project/1/environment
[97;42m 200 [0m 09:44:16    1.673766ms |[97;44m  [0m GET     /api/project/1/keys
[97;42m 200 [0m 09:44:22    1.738976ms |[97;44m  [0m GET     /api/project/1/keys
[97;42m 200 [0m 09:44:22    1.122068ms |[97;44m  [0m GET     /api/project/1/repositories
[97;42m 200 [0m 09:44:29    2.091226ms |[97;44m  [0m GET     /api/project/1/users
[97;42m 200 [0m 09:46:20    1.989064ms |[97;44m  [0m GET     /api/project/1/keys
[97;42m 200 [0m 09:46:20    2.120311ms |[97;44m  [0m GET     /api/project/1/inventory
[97;42m 200 [0m 09:46:20    1.936391ms |[97;44m  [0m GET     /api/project/1/repositories
[97;42m 200 [0m 09:46:20    1.638991ms |[97;44m  [0m GET     /api/project/1/environment
[97;42m 200 [0m 09:46:20    1.233944ms |[97;44m  [0m GET     /api/project/1/templates
[97;42m 200 [0m 09:46:21    1.748788ms |[97;44m  [0m GET     /api/project/1/inventory
[97;42m 200 [0m 09:46:21    1.181958ms |[97;44m  [0m GET     /api/project/1/inventory
[97;42m 200 [0m 09:46:21     1.72383ms |[97;44m  [0m GET     /api/project/1/keys
[97;42m 200 [0m 09:46:21    1.745793ms |[97;44m  [0m GET     /api/project/1/repositories
[97;42m 200 [0m 09:46:21     1.83788ms |[97;44m  [0m GET     /api/project/1/environment
[97;42m 200 [0m 09:46:21    1.546974ms |[97;44m  [0m GET     /api/project/1/templates
[97;42m 200 [0m 09:46:28    1.906728ms |[97;44m  [0m GET     /api/project/1/events/last
[97;42m 200 [0m 09:46:28     1.59775ms |[97;44m  [0m GET     /api/project/1/tasks/last
[97;42m 200 [0m 09:46:29    1.732022ms |[97;44m  [0m GET     /api/project/1/events
[97;42m 200 [0m 09:46:30    1.729638ms |[97;44m  [0m GET     /api/project/1/events
[97;42m 200 [0m 09:46:30    2.528549ms |[97;44m  [0m GET     /api/project/1/events
[97;42m 200 [0m 09:46:31    1.704761ms |[97;44m  [0m GET     /api/project/1/events
[97;42m 200 [0m 09:46:31    1.869227ms |[97;44m  [0m GET     /api/project/1/tasks
[97;42m 200 [0m 09:46:32    1.732104ms |[97;44m  [0m GET     /api/project/1/tasks
[97;42m 200 [0m 09:46:32     1.68785ms |[97;44m  [0m GET     /api/project/1/tasks
[97;42m 200 [0m 09:46:32    1.635122ms |[97;44m  [0m GET     /api/project/1/events
[97;42m 200 [0m 09:46:33    1.682033ms |[97;44m  [0m GET     /api/project/1/events
[97;42m 200 [0m 09:46:33    2.027019ms |[97;44m  [0m GET     /api/project/1/tasks
[97;42m 200 [0m 09:46:34    1.434134ms |[97;44m  [0m GET     /api/project/1/inventory
[97;42m 200 [0m 09:46:34    1.759729ms |[97;44m  [0m GET     /api/project/1/keys
[97;42m 200 [0m 09:46:34    1.806163ms |[97;44m  [0m GET     /api/project/1/repositories
[97;42m 200 [0m 09:46:34    1.601882ms |[97;44m  [0m GET     /api/project/1/environment
[97;42m 200 [0m 09:46:34    1.034878ms |[97;44m  [0m GET     /api/project/1/templates
[97;42m 200 [0m 09:52:12    2.280927ms |[97;44m  [0m GET     /api/project/1/events/last
[97;42m 200 [0m 09:52:12    1.469649ms |[97;44m  [0m GET     /api/project/1/tasks/last
[97;42m 200 [0m 09:52:14    2.045317ms |[97;44m  [0m GET     /api/project/1/keys
[97;42m 200 [0m 09:52:14    1.344665ms |[97;44m  [0m GET     /api/project/1/inventory
[97;42m 200 [0m 09:52:14    1.463034ms |[97;44m  [0m GET     /api/project/1/environment
[97;42m 200 [0m 09:52:14    1.899152ms |[97;44m  [0m GET     /api/project/1/repositories
[97;42m 200 [0m 09:52:14    1.435752ms |[97;44m  [0m GET     /api/project/1/templates
[97;42m 200 [0m 09:52:15    1.714831ms |[97;44m  [0m GET     /api/project/1/inventory
[97;42m 200 [0m 09:52:15     1.50093ms |[97;44m  [0m GET     /api/project/1/environment
[97;42m 200 [0m 09:52:16    1.699246ms |[97;44m  [0m GET     /api/project/1/keys
[97;42m 200 [0m 09:52:16    1.771697ms |[97;44m  [0m GET     /api/project/1/keys
[97;42m 200 [0m 09:52:16    1.232913ms |[97;44m  [0m GET     /api/project/1/repositories
[97;42m 200 [0m 09:52:17    1.930953ms |[97;44m  [0m GET     /api/project/1/users
[97;42m 200 [0m 09:52:19    1.696425ms |[97;44m  [0m GET     /api/project/1/keys
[97;42m 200 [0m 10:07:55    2.167687ms |[97;44m  [0m GET     /api/project/1/keys
[97;42m 200 [0m 10:07:55    1.218587ms |[97;44m  [0m GET     /api/project/1/repositories
[97;42m 200 [0m 10:07:55    1.672224ms |[97;44m  [0m GET     /api/project/1/inventory
[97;42m 200 [0m 10:08:11    2.112893ms |[97;44m  [0m GET     /api/project/1/keys
[97;42m 200 [0m 10:08:11    2.671438ms |[97;44m  [0m GET     /api/project/1/inventory
[97;42m 200 [0m 10:08:11    2.056758ms |[97;44m  [0m GET     /api/project/1/templates
[97;42m 200 [0m 10:08:11    2.897501ms |[97;44m  [0m GET     /api/project/1/environment
[97;42m 200 [0m 10:08:11    3.054255ms |[97;44m  [0m GET     /api/project/1/repositories
[97;42m 200 [0m 10:08:13    1.840424ms |[97;44m  [0m GET     /api/project/1/events/last
[97;42m 200 [0m 10:08:13    1.413336ms |[97;44m  [0m GET     /api/project/1/tasks/last
[97;42m 200 [0m 10:08:41    1.996756ms |[97;44m  [0m GET     /api/project/1/tasks
[97;42m 200 [0m 10:08:41    1.918856ms |[97;44m  [0m GET     /api/project/1/events
